


ARM Macro Assembler    Page 1 


    1 00000000         ;/******************************************************
                       ********************//**
    2 00000000         ; * @file     LPC43xx.s
    3 00000000         ; * @brief    CMSIS Cortex-M4 Core Device Startup File f
                       or
    4 00000000         ; *           NXP LPC43xxDevice Series
    5 00000000         ; * @version  V1.00
    6 00000000         ; * @date     03. September 2013
    7 00000000         ; *
    8 00000000         ; * @note
    9 00000000         ; * Copyright (C) 2009-2013 ARM Limited. All rights rese
                       rved.
   10 00000000         ; *
   11 00000000         ; * @par
   12 00000000         ; * ARM Limited (ARM) is supplying this software for use
                        with Cortex-M
   13 00000000         ; * processor based microcontrollers.  This file can be 
                       freely distributed
   14 00000000         ; * within development tools that are supporting such AR
                       M based processors.
   15 00000000         ; *
   16 00000000         ; * @par
   17 00000000         ; * THIS SOFTWARE IS PROVIDED "AS IS".  NO WARRANTIES, W
                       HETHER EXPRESS, IMPLIED
   18 00000000         ; * OR STATUTORY, INCLUDING, BUT NOT LIMITED TO, IMPLIED
                        WARRANTIES OF
   19 00000000         ; * MERCHANTABILITY AND FITNESS FOR A PARTICULAR PURPOSE
                        APPLY TO THIS SOFTWARE.
   20 00000000         ; * ARM SHALL NOT, IN ANY CIRCUMSTANCES, BE LIABLE FOR S
                       PECIAL, INCIDENTAL, OR
   21 00000000         ; * CONSEQUENTIAL DAMAGES, FOR ANY REASON WHATSOEVER.
   22 00000000         ; *
   23 00000000         ; * <<< Use Configuration Wizard in Context Menu >>>   
   24 00000000         ; ******************************************************
                       ************************/
   25 00000000         
   26 00000000         ; <h> Stack Configuration
   27 00000000         ;   <o> Stack Size (in Bytes) <0x0-0xFFFFFFFF:8>
   28 00000000         ; </h>
   29 00000000         
   30 00000000 00000800 
                       Stack_Size
                               EQU              0x00000800
   31 00000000         
   32 00000000                 AREA             STACK, NOINIT, READWRITE, ALIGN
=3
   33 00000000         Stack_Mem
                               SPACE            Stack_Size
   34 00000800         __initial_sp
   35 00000800         
   36 00000800         
   37 00000800         ; <h> Heap Configuration
   38 00000800         ;   <o>  Heap Size (in Bytes) <0x0-0xFFFFFFFF:8>
   39 00000800         ; </h>
   40 00000800         
   41 00000800 00000400 
                       Heap_Size
                               EQU              0x00000400
   42 00000800         



ARM Macro Assembler    Page 2 


   43 00000800                 AREA             HEAP, NOINIT, READWRITE, ALIGN=
3
   44 00000000         __heap_base
   45 00000000         Heap_Mem
                               SPACE            Heap_Size
   46 00000400         __heap_limit
   47 00000400         
   48 00000400                 PRESERVE8
   49 00000400                 THUMB
   50 00000400         
   51 00000400         ; Vector Table Mapped to Address 0 at Reset
   52 00000400         
   53 00000400                 AREA             RESET, DATA, READONLY
   54 00000000                 EXPORT           __Vectors
   55 00000000         
   56 00000000 5A5A5A5A 
                       Sign_Value
                               EQU              0x5A5A5A5A
   57 00000000         
   58 00000000 00000000 
                       __Vectors
                               DCD              __initial_sp ;  0  Top of Stack
                                                            
   59 00000004 00000000        DCD              Reset_Handler 
                                                            ;  1  Reset Handler
                                                            
   60 00000008 00000000        DCD              NMI_Handler ;  2  NMI Handler
   61 0000000C 00000000        DCD              HardFault_Handler ;  3  Hard Fa
                                                            ult Handler
   62 00000010 00000000        DCD              MemManage_Handler ;  4  MPU Fau
                                                            lt Handler
   63 00000014 00000000        DCD              BusFault_Handler ;  5  Bus Faul
                                                            t Handler
   64 00000018 00000000        DCD              UsageFault_Handler ;  6  Usage 
                                                            Fault Handler
   65 0000001C 5A5A5A5A        DCD              Sign_Value  ;  7  Reserved
   66 00000020 00000000        DCD              0           ;  8  Reserved
   67 00000024 00000000        DCD              0           ;  9  Reserved
   68 00000028 00000000        DCD              0           ; 10  Reserved
   69 0000002C 00000000        DCD              SVC_Handler ; 11  SVCall Handle
                                                            r
   70 00000030 00000000        DCD              DebugMon_Handler ; 12  Debug Mo
                                                            nitor Handler
   71 00000034 00000000        DCD              0           ; 13  Reserved
   72 00000038 00000000        DCD              PendSV_Handler ; 14  PendSV Han
                                                            dler
   73 0000003C 00000000        DCD              SysTick_Handler ; 15  SysTick H
                                                            andler
   74 00000040         
   75 00000040         ; External LPC43xx/M4 Interrupts
   76 00000040 00000000        DCD              DAC_IRQHandler 
                                                            ;  0  DAC interrupt
                                                            
   77 00000044 00000000        DCD              M0APP_IRQHandler ;  1  Cortex-M
                                                            0APP; Latched TXEV;
                                                             for M4-M0APP commu
                                                            nication
   78 00000048 00000000        DCD              DMA_IRQHandler 
                                                            ;  2  DMA interrupt



ARM Macro Assembler    Page 3 


                                                            
   79 0000004C 00000000        DCD              0           ;  3  Reserved
   80 00000050 00000000        DCD              FLASHEEPROM_IRQHandler ;  4  fl
                                                            ash bank A, flash b
                                                            ank B, EEPROM ORed 
                                                            interrupt
   81 00000054 00000000        DCD              ETHERNET_IRQHandler ;  5  Ether
                                                            net interrupt
   82 00000058 00000000        DCD              SDIO_IRQHandler ;  6  SD/MMC in
                                                            terrupt
   83 0000005C 00000000        DCD              LCD_IRQHandler 
                                                            ;  7  LCD interrupt
                                                            
   84 00000060 00000000        DCD              USB0_IRQHandler 
                                                            ;  8  OTG interrupt
                                                            
   85 00000064 00000000        DCD              USB1_IRQHandler ;  9  USB1 inte
                                                            rrupt
   86 00000068 00000000        DCD              SCT_IRQHandler ; 10  SCT combin
                                                            ed interrupt
   87 0000006C 00000000        DCD              RITIMER_IRQHandler ; 11  RI Tim
                                                            er interrupt
   88 00000070 00000000        DCD              TIMER0_IRQHandler ; 12  Timer 0
                                                             interrupt
   89 00000074 00000000        DCD              TIMER1_IRQHandler ; 13  Timer 1
                                                             interrupt
   90 00000078 00000000        DCD              TIMER2_IRQHandler ; 14  Timer 2
                                                             interrupt
   91 0000007C 00000000        DCD              TIMER3_IRQHandler ; 15  Timer 3
                                                             interrupt
   92 00000080 00000000        DCD              MCPWM_IRQHandler ; 16  Motor co
                                                            ntrol PWM interrupt
                                                            
   93 00000084 00000000        DCD              ADC0_IRQHandler ; 17  ADC0 inte
                                                            rrupt
   94 00000088 00000000        DCD              I2C0_IRQHandler ; 18  I2C0 inte
                                                            rrupt
   95 0000008C 00000000        DCD              I2C1_IRQHandler ; 19  I2C1 inte
                                                            rrupt
   96 00000090 00000000        DCD              SPI_IRQHandler 
                                                            ; 20  SPI interrupt
                                                            
   97 00000094 00000000        DCD              ADC1_IRQHandler ; 21  ADC1 inte
                                                            rrupt
   98 00000098 00000000        DCD              SSP0_IRQHandler ; 22  SSP0 inte
                                                            rrupt
   99 0000009C 00000000        DCD              SSP1_IRQHandler ; 23  SSP1 inte
                                                            rrupt
  100 000000A0 00000000        DCD              USART0_IRQHandler ; 24  USART0 
                                                            interrupt
  101 000000A4 00000000        DCD              UART1_IRQHandler ; 25  Combined
                                                             UART1, Modem inter
                                                            rupt
  102 000000A8 00000000        DCD              USART2_IRQHandler ; 26  USART2 
                                                            interrupt
  103 000000AC 00000000        DCD              USART3_IRQHandler ; 27  Combine
                                                            d USART3, IrDA inte
                                                            rrupt
  104 000000B0 00000000        DCD              I2S0_IRQHandler ; 28  I2S0 inte



ARM Macro Assembler    Page 4 


                                                            rrupt
  105 000000B4 00000000        DCD              I2S1_IRQHandler ; 29  I2S1 inte
                                                            rrupt
  106 000000B8 00000000        DCD              SPIFI_IRQHandler ; 30  SPISI in
                                                            terrupt
  107 000000BC 00000000        DCD              SGPIO_IRQHandler ; 31  SGPIO in
                                                            terrupt
  108 000000C0 00000000        DCD              PIN_INT0_IRQHandler ; 32  GPIO 
                                                            pin interrupt 0
  109 000000C4 00000000        DCD              PIN_INT1_IRQHandler ; 33  GPIO 
                                                            pin interrupt 1
  110 000000C8 00000000        DCD              PIN_INT2_IRQHandler ; 34  GPIO 
                                                            pin interrupt 2
  111 000000CC 00000000        DCD              PIN_INT3_IRQHandler ; 35  GPIO 
                                                            pin interrupt 3
  112 000000D0 00000000        DCD              PIN_INT4_IRQHandler ; 36  GPIO 
                                                            pin interrupt 4
  113 000000D4 00000000        DCD              PIN_INT5_IRQHandler ; 37  GPIO 
                                                            pin interrupt 5
  114 000000D8 00000000        DCD              PIN_INT6_IRQHandler ; 38  GPIO 
                                                            pin interrupt 6
  115 000000DC 00000000        DCD              PIN_INT7_IRQHandler ; 39  GPIO 
                                                            pin interrupt 7
  116 000000E0 00000000        DCD              GINT0_IRQHandler ; 40  GPIO glo
                                                            bal interrupt 0
  117 000000E4 00000000        DCD              GINT1_IRQHandler ; 41  GPIO glo
                                                            bal interrupt 1
  118 000000E8 00000000        DCD              EVENTROUTER_IRQHandler ; 42  Ev
                                                            ent router interrup
                                                            t
  119 000000EC 00000000        DCD              C_CAN1_IRQHandler ; 43  C_CAN1 
                                                            interrupt
  120 000000F0 00000000        DCD              0           ; 44  Reserved
  121 000000F4 00000000        DCD              ADCHS_IRQHandler ; 45  ADCHS co
                                                            mbined interrupt
  122 000000F8 00000000        DCD              ATIMER_IRQHandler ; 46  Alarm t
                                                            imer interrupt
  123 000000FC 00000000        DCD              RTC_IRQHandler 
                                                            ; 47  RTC interrupt
                                                            
  124 00000100 00000000        DCD              0           ; 48  Reserved
  125 00000104 00000000        DCD              WWDT_IRQHandler ; 49  WWDT inte
                                                            rrupt
  126 00000108 00000000        DCD              M0SUB_IRQHandler ; 50  TXEV ins
                                                            truction from the M
                                                            0 subsystem core in
                                                            terrupt
  127 0000010C 00000000        DCD              C_CAN0_IRQHandler ; 51  C_CAN0 
                                                            interrupt
  128 00000110 00000000        DCD              QEI_IRQHandler 
                                                            ; 52  QEI interrupt
                                                            
  129 00000114         
  130 00000114         
  131 00000114         ;CRP address at offset 0x2FC relative to the BOOT Bank a
                       ddress
  132 00000114                 IF               :LNOT::DEF:NO_CRP
  133 00000114 00 00 00 
              00 00 00 



ARM Macro Assembler    Page 5 


              00 00 00 
              00 00 00 
              00 00 00 
              00 00 00 
              00 00 00 
              00 00 00 
              00 00 00 
              00 00 00 
              00 00 00 
              00 00 00 
              00 00 00 
              00 00 00 
              00 00 00 
              00 00 00 
              00 00 00 
              00 00 00 
              00 00 00 
              00 00 00 
              00 00 00 
              00 00 00 
              00 00 00 
              00 00 00 
              00 00 00 
              00 00 00 
              00 00 00 
              00 00 00 
              00 00 00 
              00 00 00 
              00 00 00 
              00 00 00 
              00 00 00 
              00 00 00 
              00 00 00 
              00 00 00 
              00 00 00 
              00 00 00 
              00 00 00 
              00 00 00 
              00 00 00 
              00 00 00 
              00 00 00 
              00 00 00 
              00 00 00 
              00 00 00 
              00 00 00 
              00 00 00 
              00 00 00 
              00 00 00 
              00 00 00 
              00 00 00 
              00 00 00 
              00 00 00 
              00 00 00 
              00 00 00 
              00 00 00 
              00 00 00 
              00 00 00 
              00 00 00 
              00 00 00 



ARM Macro Assembler    Page 6 


              00 00 00 
              00 00 00 
              00 00 00 
              00 00 00 
              00 00 00 
              00 00 00 
              00 00 00 
              00 00 00 
              00 00 00 
              00 00 00 
              00 00 00 
              00 00 00 
              00 00 00 
              00 00 00 
              00 00 00 
              00 00 00 
              00 00 00 
              00 00 00 
              00 00 00 
              00 00 00 
              00 00 00 
              00 00 00 
              00 00 00 
              00 00 00 
              00 00 00 
              00 00 00 
              00 00 00 
              00 00 00 
              00 00 00 
              00 00 00 
              00 00 00 
              00 00 00 
              00 00 00 
              00 00 00 
              00 00 00 
              00 00 00 
              00 00 00 
              00 00 00 
              00 00 00 
              00 00 00 
              00 00 00 
              00 00 00 
              00 00 00 
              00 00 00 
              00 00 00 
              00 00 00 
              00 00 00 
              00 00 00 
              00 00 00 
              00 00 00 
              00 00 00 
              00 00 00 
              00 00 00 
              00 00 00 
              00 00 00 
              00 00 00 
              00 00 00 
              00 00 00 
              00 00 00 



ARM Macro Assembler    Page 7 


              00 00 00 
              00 00 00 
              00 00 00 
              00 00 00 
              00 00 00 
              00 00 00 
              00 00 00 
              00 00 00 
              00 00 00 
              00 00 00 
              00 00 00 
              00 00 00 
              00 00 00 
              00 00 00 
              00 00 00 
              00 00 00 
              00 00 00 
              00 00 00 
              00 00 00 
              00 00 00 
              00 00 00 
              00 00 00 
              00 00 00 
              00 00 00 
              00 00 00 
              00 00 00 
              00 00 00 
              00 00 00 
              00 00 00 
              00 00 00 
              00 00 00 
              00 00 00 
              00 00 00 
              00 00 00 
              00 00 00 
              00 00 00 
              00 00 00 
              00 00 00 
              00 00 00 
              00 00 00 
              00 00 00 
              00 00 00 
              00 00            SPACE            (0x2FC - (. - __Vectors))
  134 000002FC         ;                EXPORT  CRP_Key
  135 000002FC FFFFFFFF 
                       CRP_Key DCD              0xFFFFFFFF
  136 00000300         ;                       0xFFFFFFFF => CRP Disabled
  137 00000300         ;                       0x12345678 => CRP Level 1
  138 00000300         ;                       0x87654321 => CRP Level 2
  139 00000300         ;                       0x43218765 => CRP Level 3 (ARE Y
                       OU SURE?)
  140 00000300         ;                       0x4E697370 => NO ISP      (ARE Y
                       OU SURE?)
  141 00000300                 ENDIF
  142 00000300         
  143 00000300                 AREA             |.text|, CODE, READONLY
  144 00000000         
  145 00000000         ; Reset Handler
  146 00000000         



ARM Macro Assembler    Page 8 


  147 00000000         Reset_Handler
                               PROC
  148 00000000                 EXPORT           Reset_Handler           [WEAK]
  149 00000000                 IMPORT           SystemInit
  150 00000000                 IMPORT           __main
  151 00000000 4809            LDR              R0, =SystemInit
  152 00000002 4780            BLX              R0
  153 00000004 4809            LDR              R0, =__main
  154 00000006 4700            BX               R0
  155 00000008                 ENDP
  156 00000008         
  157 00000008         ; Dummy Exception Handlers (infinite loops which can be 
                       modified)
  158 00000008         
  159 00000008         NMI_Handler
                               PROC
  160 00000008                 EXPORT           NMI_Handler                    
     [WEAK]
  161 00000008 E7FE            B                .
  162 0000000A                 ENDP
  164 0000000A         HardFault_Handler
                               PROC
  165 0000000A                 EXPORT           HardFault_Handler              
     [WEAK]
  166 0000000A E7FE            B                .
  167 0000000C                 ENDP
  169 0000000C         MemManage_Handler
                               PROC
  170 0000000C                 EXPORT           MemManage_Handler              
     [WEAK]
  171 0000000C E7FE            B                .
  172 0000000E                 ENDP
  174 0000000E         BusFault_Handler
                               PROC
  175 0000000E                 EXPORT           BusFault_Handler               
     [WEAK]
  176 0000000E E7FE            B                .
  177 00000010                 ENDP
  179 00000010         UsageFault_Handler
                               PROC
  180 00000010                 EXPORT           UsageFault_Handler             
     [WEAK]
  181 00000010 E7FE            B                .
  182 00000012                 ENDP
  183 00000012         SVC_Handler
                               PROC
  184 00000012                 EXPORT           SVC_Handler                    
     [WEAK]
  185 00000012 E7FE            B                .
  186 00000014                 ENDP
  188 00000014         DebugMon_Handler
                               PROC
  189 00000014                 EXPORT           DebugMon_Handler               
     [WEAK]
  190 00000014 E7FE            B                .
  191 00000016                 ENDP
  192 00000016         PendSV_Handler
                               PROC
  193 00000016                 EXPORT           PendSV_Handler                 



ARM Macro Assembler    Page 9 


     [WEAK]
  194 00000016 E7FE            B                .
  195 00000018                 ENDP
  196 00000018         SysTick_Handler
                               PROC
  197 00000018                 EXPORT           SysTick_Handler                
     [WEAK]
  198 00000018 E7FE            B                .
  199 0000001A                 ENDP
  200 0000001A         
  201 0000001A         Default_Handler
                               PROC
  202 0000001A                 EXPORT           DAC_IRQHandler                 
     [WEAK]
  203 0000001A                 EXPORT           M0APP_IRQHandler               
     [WEAK]
  204 0000001A                 EXPORT           DMA_IRQHandler                 
     [WEAK]
  205 0000001A                 EXPORT           FLASHEEPROM_IRQHandler         
     [WEAK]
  206 0000001A                 EXPORT           ETHERNET_IRQHandler            
     [WEAK]
  207 0000001A                 EXPORT           SDIO_IRQHandler                
     [WEAK]
  208 0000001A                 EXPORT           LCD_IRQHandler                 
     [WEAK]
  209 0000001A                 EXPORT           USB0_IRQHandler                
     [WEAK]
  210 0000001A                 EXPORT           USB1_IRQHandler                
     [WEAK]
  211 0000001A                 EXPORT           SCT_IRQHandler                 
     [WEAK]
  212 0000001A                 EXPORT           RITIMER_IRQHandler             
     [WEAK]
  213 0000001A                 EXPORT           TIMER0_IRQHandler              
     [WEAK]
  214 0000001A                 EXPORT           TIMER1_IRQHandler              
     [WEAK]
  215 0000001A                 EXPORT           TIMER2_IRQHandler              
     [WEAK]
  216 0000001A                 EXPORT           TIMER3_IRQHandler              
     [WEAK]
  217 0000001A                 EXPORT           MCPWM_IRQHandler               
     [WEAK]
  218 0000001A                 EXPORT           ADC0_IRQHandler                
     [WEAK]
  219 0000001A                 EXPORT           I2C0_IRQHandler                
     [WEAK]
  220 0000001A                 EXPORT           I2C1_IRQHandler                
     [WEAK]
  221 0000001A                 EXPORT           SPI_IRQHandler                 
     [WEAK]
  222 0000001A                 EXPORT           ADC1_IRQHandler                
     [WEAK]
  223 0000001A                 EXPORT           SSP0_IRQHandler                
     [WEAK]
  224 0000001A                 EXPORT           SSP1_IRQHandler                
     [WEAK]
  225 0000001A                 EXPORT           USART0_IRQHandler              



ARM Macro Assembler    Page 10 


     [WEAK]
  226 0000001A                 EXPORT           UART1_IRQHandler               
     [WEAK]
  227 0000001A                 EXPORT           USART2_IRQHandler              
     [WEAK]
  228 0000001A                 EXPORT           USART3_IRQHandler              
     [WEAK]
  229 0000001A                 EXPORT           I2S0_IRQHandler                
     [WEAK]
  230 0000001A                 EXPORT           I2S1_IRQHandler                
     [WEAK]
  231 0000001A                 EXPORT           SPIFI_IRQHandler               
     [WEAK]
  232 0000001A                 EXPORT           SGPIO_IRQHandler               
     [WEAK]
  233 0000001A                 EXPORT           PIN_INT0_IRQHandler            
     [WEAK]
  234 0000001A                 EXPORT           PIN_INT1_IRQHandler            
     [WEAK]
  235 0000001A                 EXPORT           PIN_INT2_IRQHandler            
     [WEAK]
  236 0000001A                 EXPORT           PIN_INT3_IRQHandler            
     [WEAK]
  237 0000001A                 EXPORT           PIN_INT4_IRQHandler            
     [WEAK]
  238 0000001A                 EXPORT           PIN_INT5_IRQHandler            
     [WEAK]
  239 0000001A                 EXPORT           PIN_INT6_IRQHandler            
     [WEAK]
  240 0000001A                 EXPORT           PIN_INT7_IRQHandler            
     [WEAK]
  241 0000001A                 EXPORT           GINT0_IRQHandler               
     [WEAK]
  242 0000001A                 EXPORT           GINT1_IRQHandler               
     [WEAK]
  243 0000001A                 EXPORT           EVENTROUTER_IRQHandler         
     [WEAK]
  244 0000001A                 EXPORT           C_CAN1_IRQHandler              
     [WEAK]
  245 0000001A                 EXPORT           ADCHS_IRQHandler               
     [WEAK]
  246 0000001A                 EXPORT           ATIMER_IRQHandler              
     [WEAK]
  247 0000001A                 EXPORT           RTC_IRQHandler                 
     [WEAK]
  248 0000001A                 EXPORT           WWDT_IRQHandler                
     [WEAK]
  249 0000001A                 EXPORT           M0SUB_IRQHandler               
     [WEAK]
  250 0000001A                 EXPORT           C_CAN0_IRQHandler              
     [WEAK]
  251 0000001A                 EXPORT           QEI_IRQHandler                 
     [WEAK]
  252 0000001A         
  253 0000001A         DAC_IRQHandler
  254 0000001A         M0APP_IRQHandler
  255 0000001A         DMA_IRQHandler
  256 0000001A         FLASHEEPROM_IRQHandler
  257 0000001A         ETHERNET_IRQHandler



ARM Macro Assembler    Page 11 


  258 0000001A         SDIO_IRQHandler
  259 0000001A         LCD_IRQHandler
  260 0000001A         USB0_IRQHandler
  261 0000001A         USB1_IRQHandler
  262 0000001A         SCT_IRQHandler
  263 0000001A         RITIMER_IRQHandler
  264 0000001A         TIMER0_IRQHandler
  265 0000001A         TIMER1_IRQHandler
  266 0000001A         TIMER2_IRQHandler
  267 0000001A         TIMER3_IRQHandler
  268 0000001A         MCPWM_IRQHandler
  269 0000001A         ADC0_IRQHandler
  270 0000001A         I2C0_IRQHandler
  271 0000001A         I2C1_IRQHandler
  272 0000001A         SPI_IRQHandler
  273 0000001A         ADC1_IRQHandler
  274 0000001A         SSP0_IRQHandler
  275 0000001A         SSP1_IRQHandler
  276 0000001A         USART0_IRQHandler
  277 0000001A         UART1_IRQHandler
  278 0000001A         USART2_IRQHandler
  279 0000001A         USART3_IRQHandler
  280 0000001A         I2S0_IRQHandler
  281 0000001A         I2S1_IRQHandler
  282 0000001A         SPIFI_IRQHandler
  283 0000001A         SGPIO_IRQHandler
  284 0000001A         PIN_INT0_IRQHandler
  285 0000001A         PIN_INT1_IRQHandler
  286 0000001A         PIN_INT2_IRQHandler
  287 0000001A         PIN_INT3_IRQHandler
  288 0000001A         PIN_INT4_IRQHandler
  289 0000001A         PIN_INT5_IRQHandler
  290 0000001A         PIN_INT6_IRQHandler
  291 0000001A         PIN_INT7_IRQHandler
  292 0000001A         GINT0_IRQHandler
  293 0000001A         GINT1_IRQHandler
  294 0000001A         EVENTROUTER_IRQHandler
  295 0000001A         C_CAN1_IRQHandler
  296 0000001A         ADCHS_IRQHandler
  297 0000001A         ATIMER_IRQHandler
  298 0000001A         RTC_IRQHandler
  299 0000001A         WWDT_IRQHandler
  300 0000001A         M0SUB_IRQHandler
  301 0000001A         C_CAN0_IRQHandler
  302 0000001A         QEI_IRQHandler
  303 0000001A         
  304 0000001A E7FE            B                .
  305 0000001C                 ENDP
  306 0000001C         
  307 0000001C                 ALIGN
  308 0000001C         
  309 0000001C         ; User Initial Stack & Heap
  310 0000001C         
  311 0000001C                 IF               :DEF:__MICROLIB
  318 0000001C         
  319 0000001C                 IMPORT           __use_two_region_memory
  320 0000001C                 EXPORT           __user_initial_stackheap
  321 0000001C         __user_initial_stackheap
  322 0000001C         



ARM Macro Assembler    Page 12 


  323 0000001C 4804            LDR              R0, =  Heap_Mem
  324 0000001E 4905            LDR              R1, =(Stack_Mem + Stack_Size)
  325 00000020 4A05            LDR              R2, = (Heap_Mem +  Heap_Size)
  326 00000022 4B06            LDR              R3, = Stack_Mem
  327 00000024 4770            BX               LR
  328 00000026         
  329 00000026 00 00           ALIGN
  330 00000028         
  331 00000028                 ENDIF
  332 00000028         
  333 00000028         
  334 00000028                 END
              00000000 
              00000000 
              00000000 
              00000800 
              00000400 
              00000000 
Command Line: --debug --xref --diag_suppress=9931 --cpu=Cortex-M4.fp --apcs=int
erwork --depend=.\objects\startup_lpc43xx.d -o.\objects\startup_lpc43xx.o -I.\R
TE\Device\LPC4357_Cortex-M4 -I.\RTE\_lpc4357_ram -IC:\Keil_v5\ARM\PACK\ARM\CMSI
S\5.2.0\CMSIS\Include -IC:\Keil_v5\ARM\PACK\Keil\LPC4300_DFP\2.7.0\Device\Inclu
de --predefine="__EVAL SETA 1" --predefine="__UVISION_VERSION SETA 523" --prede
fine="_RTE_ SETA 1" --predefine="CORE_M4 SETA 1" --list=.\listings\startup_lpc4
3xx.lst RTE\Device\LPC4357_Cortex-M4\startup_LPC43xx.s



ARM Macro Assembler    Page 1 Alphabetic symbol ordering
Relocatable symbols

STACK 00000000

Symbol: STACK
   Definitions
      At line 32 in file RTE\Device\LPC4357_Cortex-M4\startup_LPC43xx.s
   Uses
      None
Comment: STACK unused
Stack_Mem 00000000

Symbol: Stack_Mem
   Definitions
      At line 33 in file RTE\Device\LPC4357_Cortex-M4\startup_LPC43xx.s
   Uses
      At line 324 in file RTE\Device\LPC4357_Cortex-M4\startup_LPC43xx.s
      At line 326 in file RTE\Device\LPC4357_Cortex-M4\startup_LPC43xx.s

__initial_sp 00000800

Symbol: __initial_sp
   Definitions
      At line 34 in file RTE\Device\LPC4357_Cortex-M4\startup_LPC43xx.s
   Uses
      At line 58 in file RTE\Device\LPC4357_Cortex-M4\startup_LPC43xx.s
Comment: __initial_sp used once
3 symbols



ARM Macro Assembler    Page 1 Alphabetic symbol ordering
Relocatable symbols

HEAP 00000000

Symbol: HEAP
   Definitions
      At line 43 in file RTE\Device\LPC4357_Cortex-M4\startup_LPC43xx.s
   Uses
      None
Comment: HEAP unused
Heap_Mem 00000000

Symbol: Heap_Mem
   Definitions
      At line 45 in file RTE\Device\LPC4357_Cortex-M4\startup_LPC43xx.s
   Uses
      At line 323 in file RTE\Device\LPC4357_Cortex-M4\startup_LPC43xx.s
      At line 325 in file RTE\Device\LPC4357_Cortex-M4\startup_LPC43xx.s

__heap_base 00000000

Symbol: __heap_base
   Definitions
      At line 44 in file RTE\Device\LPC4357_Cortex-M4\startup_LPC43xx.s
   Uses
      None
Comment: __heap_base unused
__heap_limit 00000400

Symbol: __heap_limit
   Definitions
      At line 46 in file RTE\Device\LPC4357_Cortex-M4\startup_LPC43xx.s
   Uses
      None
Comment: __heap_limit unused
4 symbols



ARM Macro Assembler    Page 1 Alphabetic symbol ordering
Relocatable symbols

CRP_Key 000002FC

Symbol: CRP_Key
   Definitions
      At line 135 in file RTE\Device\LPC4357_Cortex-M4\startup_LPC43xx.s
   Uses
      None
Comment: CRP_Key unused
RESET 00000000

Symbol: RESET
   Definitions
      At line 53 in file RTE\Device\LPC4357_Cortex-M4\startup_LPC43xx.s
   Uses
      None
Comment: RESET unused
__Vectors 00000000

Symbol: __Vectors
   Definitions
      At line 58 in file RTE\Device\LPC4357_Cortex-M4\startup_LPC43xx.s
   Uses
      At line 54 in file RTE\Device\LPC4357_Cortex-M4\startup_LPC43xx.s
      At line 133 in file RTE\Device\LPC4357_Cortex-M4\startup_LPC43xx.s

3 symbols



ARM Macro Assembler    Page 1 Alphabetic symbol ordering
Relocatable symbols

.text 00000000

Symbol: .text
   Definitions
      At line 143 in file RTE\Device\LPC4357_Cortex-M4\startup_LPC43xx.s
   Uses
      None
Comment: .text unused
ADC0_IRQHandler 0000001A

Symbol: ADC0_IRQHandler
   Definitions
      At line 269 in file RTE\Device\LPC4357_Cortex-M4\startup_LPC43xx.s
   Uses
      At line 93 in file RTE\Device\LPC4357_Cortex-M4\startup_LPC43xx.s
      At line 218 in file RTE\Device\LPC4357_Cortex-M4\startup_LPC43xx.s

ADC1_IRQHandler 0000001A

Symbol: ADC1_IRQHandler
   Definitions
      At line 273 in file RTE\Device\LPC4357_Cortex-M4\startup_LPC43xx.s
   Uses
      At line 97 in file RTE\Device\LPC4357_Cortex-M4\startup_LPC43xx.s
      At line 222 in file RTE\Device\LPC4357_Cortex-M4\startup_LPC43xx.s

ADCHS_IRQHandler 0000001A

Symbol: ADCHS_IRQHandler
   Definitions
      At line 296 in file RTE\Device\LPC4357_Cortex-M4\startup_LPC43xx.s
   Uses
      At line 121 in file RTE\Device\LPC4357_Cortex-M4\startup_LPC43xx.s
      At line 245 in file RTE\Device\LPC4357_Cortex-M4\startup_LPC43xx.s

ATIMER_IRQHandler 0000001A

Symbol: ATIMER_IRQHandler
   Definitions
      At line 297 in file RTE\Device\LPC4357_Cortex-M4\startup_LPC43xx.s
   Uses
      At line 122 in file RTE\Device\LPC4357_Cortex-M4\startup_LPC43xx.s
      At line 246 in file RTE\Device\LPC4357_Cortex-M4\startup_LPC43xx.s

BusFault_Handler 0000000E

Symbol: BusFault_Handler
   Definitions
      At line 174 in file RTE\Device\LPC4357_Cortex-M4\startup_LPC43xx.s
   Uses
      At line 63 in file RTE\Device\LPC4357_Cortex-M4\startup_LPC43xx.s
      At line 175 in file RTE\Device\LPC4357_Cortex-M4\startup_LPC43xx.s

C_CAN0_IRQHandler 0000001A

Symbol: C_CAN0_IRQHandler
   Definitions
      At line 301 in file RTE\Device\LPC4357_Cortex-M4\startup_LPC43xx.s
   Uses



ARM Macro Assembler    Page 2 Alphabetic symbol ordering
Relocatable symbols

      At line 127 in file RTE\Device\LPC4357_Cortex-M4\startup_LPC43xx.s
      At line 250 in file RTE\Device\LPC4357_Cortex-M4\startup_LPC43xx.s

C_CAN1_IRQHandler 0000001A

Symbol: C_CAN1_IRQHandler
   Definitions
      At line 295 in file RTE\Device\LPC4357_Cortex-M4\startup_LPC43xx.s
   Uses
      At line 119 in file RTE\Device\LPC4357_Cortex-M4\startup_LPC43xx.s
      At line 244 in file RTE\Device\LPC4357_Cortex-M4\startup_LPC43xx.s

DAC_IRQHandler 0000001A

Symbol: DAC_IRQHandler
   Definitions
      At line 253 in file RTE\Device\LPC4357_Cortex-M4\startup_LPC43xx.s
   Uses
      At line 76 in file RTE\Device\LPC4357_Cortex-M4\startup_LPC43xx.s
      At line 202 in file RTE\Device\LPC4357_Cortex-M4\startup_LPC43xx.s

DMA_IRQHandler 0000001A

Symbol: DMA_IRQHandler
   Definitions
      At line 255 in file RTE\Device\LPC4357_Cortex-M4\startup_LPC43xx.s
   Uses
      At line 78 in file RTE\Device\LPC4357_Cortex-M4\startup_LPC43xx.s
      At line 204 in file RTE\Device\LPC4357_Cortex-M4\startup_LPC43xx.s

DebugMon_Handler 00000014

Symbol: DebugMon_Handler
   Definitions
      At line 188 in file RTE\Device\LPC4357_Cortex-M4\startup_LPC43xx.s
   Uses
      At line 70 in file RTE\Device\LPC4357_Cortex-M4\startup_LPC43xx.s
      At line 189 in file RTE\Device\LPC4357_Cortex-M4\startup_LPC43xx.s

Default_Handler 0000001A

Symbol: Default_Handler
   Definitions
      At line 201 in file RTE\Device\LPC4357_Cortex-M4\startup_LPC43xx.s
   Uses
      None
Comment: Default_Handler unused
ETHERNET_IRQHandler 0000001A

Symbol: ETHERNET_IRQHandler
   Definitions
      At line 257 in file RTE\Device\LPC4357_Cortex-M4\startup_LPC43xx.s
   Uses
      At line 81 in file RTE\Device\LPC4357_Cortex-M4\startup_LPC43xx.s
      At line 206 in file RTE\Device\LPC4357_Cortex-M4\startup_LPC43xx.s

EVENTROUTER_IRQHandler 0000001A

Symbol: EVENTROUTER_IRQHandler



ARM Macro Assembler    Page 3 Alphabetic symbol ordering
Relocatable symbols

   Definitions
      At line 294 in file RTE\Device\LPC4357_Cortex-M4\startup_LPC43xx.s
   Uses
      At line 118 in file RTE\Device\LPC4357_Cortex-M4\startup_LPC43xx.s
      At line 243 in file RTE\Device\LPC4357_Cortex-M4\startup_LPC43xx.s

FLASHEEPROM_IRQHandler 0000001A

Symbol: FLASHEEPROM_IRQHandler
   Definitions
      At line 256 in file RTE\Device\LPC4357_Cortex-M4\startup_LPC43xx.s
   Uses
      At line 80 in file RTE\Device\LPC4357_Cortex-M4\startup_LPC43xx.s
      At line 205 in file RTE\Device\LPC4357_Cortex-M4\startup_LPC43xx.s

GINT0_IRQHandler 0000001A

Symbol: GINT0_IRQHandler
   Definitions
      At line 292 in file RTE\Device\LPC4357_Cortex-M4\startup_LPC43xx.s
   Uses
      At line 116 in file RTE\Device\LPC4357_Cortex-M4\startup_LPC43xx.s
      At line 241 in file RTE\Device\LPC4357_Cortex-M4\startup_LPC43xx.s

GINT1_IRQHandler 0000001A

Symbol: GINT1_IRQHandler
   Definitions
      At line 293 in file RTE\Device\LPC4357_Cortex-M4\startup_LPC43xx.s
   Uses
      At line 117 in file RTE\Device\LPC4357_Cortex-M4\startup_LPC43xx.s
      At line 242 in file RTE\Device\LPC4357_Cortex-M4\startup_LPC43xx.s

HardFault_Handler 0000000A

Symbol: HardFault_Handler
   Definitions
      At line 164 in file RTE\Device\LPC4357_Cortex-M4\startup_LPC43xx.s
   Uses
      At line 61 in file RTE\Device\LPC4357_Cortex-M4\startup_LPC43xx.s
      At line 165 in file RTE\Device\LPC4357_Cortex-M4\startup_LPC43xx.s

I2C0_IRQHandler 0000001A

Symbol: I2C0_IRQHandler
   Definitions
      At line 270 in file RTE\Device\LPC4357_Cortex-M4\startup_LPC43xx.s
   Uses
      At line 94 in file RTE\Device\LPC4357_Cortex-M4\startup_LPC43xx.s
      At line 219 in file RTE\Device\LPC4357_Cortex-M4\startup_LPC43xx.s

I2C1_IRQHandler 0000001A

Symbol: I2C1_IRQHandler
   Definitions
      At line 271 in file RTE\Device\LPC4357_Cortex-M4\startup_LPC43xx.s
   Uses
      At line 95 in file RTE\Device\LPC4357_Cortex-M4\startup_LPC43xx.s
      At line 220 in file RTE\Device\LPC4357_Cortex-M4\startup_LPC43xx.s



ARM Macro Assembler    Page 4 Alphabetic symbol ordering
Relocatable symbols


I2S0_IRQHandler 0000001A

Symbol: I2S0_IRQHandler
   Definitions
      At line 280 in file RTE\Device\LPC4357_Cortex-M4\startup_LPC43xx.s
   Uses
      At line 104 in file RTE\Device\LPC4357_Cortex-M4\startup_LPC43xx.s
      At line 229 in file RTE\Device\LPC4357_Cortex-M4\startup_LPC43xx.s

I2S1_IRQHandler 0000001A

Symbol: I2S1_IRQHandler
   Definitions
      At line 281 in file RTE\Device\LPC4357_Cortex-M4\startup_LPC43xx.s
   Uses
      At line 105 in file RTE\Device\LPC4357_Cortex-M4\startup_LPC43xx.s
      At line 230 in file RTE\Device\LPC4357_Cortex-M4\startup_LPC43xx.s

LCD_IRQHandler 0000001A

Symbol: LCD_IRQHandler
   Definitions
      At line 259 in file RTE\Device\LPC4357_Cortex-M4\startup_LPC43xx.s
   Uses
      At line 83 in file RTE\Device\LPC4357_Cortex-M4\startup_LPC43xx.s
      At line 208 in file RTE\Device\LPC4357_Cortex-M4\startup_LPC43xx.s

M0APP_IRQHandler 0000001A

Symbol: M0APP_IRQHandler
   Definitions
      At line 254 in file RTE\Device\LPC4357_Cortex-M4\startup_LPC43xx.s
   Uses
      At line 77 in file RTE\Device\LPC4357_Cortex-M4\startup_LPC43xx.s
      At line 203 in file RTE\Device\LPC4357_Cortex-M4\startup_LPC43xx.s

M0SUB_IRQHandler 0000001A

Symbol: M0SUB_IRQHandler
   Definitions
      At line 300 in file RTE\Device\LPC4357_Cortex-M4\startup_LPC43xx.s
   Uses
      At line 126 in file RTE\Device\LPC4357_Cortex-M4\startup_LPC43xx.s
      At line 249 in file RTE\Device\LPC4357_Cortex-M4\startup_LPC43xx.s

MCPWM_IRQHandler 0000001A

Symbol: MCPWM_IRQHandler
   Definitions
      At line 268 in file RTE\Device\LPC4357_Cortex-M4\startup_LPC43xx.s
   Uses
      At line 92 in file RTE\Device\LPC4357_Cortex-M4\startup_LPC43xx.s
      At line 217 in file RTE\Device\LPC4357_Cortex-M4\startup_LPC43xx.s

MemManage_Handler 0000000C

Symbol: MemManage_Handler
   Definitions



ARM Macro Assembler    Page 5 Alphabetic symbol ordering
Relocatable symbols

      At line 169 in file RTE\Device\LPC4357_Cortex-M4\startup_LPC43xx.s
   Uses
      At line 62 in file RTE\Device\LPC4357_Cortex-M4\startup_LPC43xx.s
      At line 170 in file RTE\Device\LPC4357_Cortex-M4\startup_LPC43xx.s

NMI_Handler 00000008

Symbol: NMI_Handler
   Definitions
      At line 159 in file RTE\Device\LPC4357_Cortex-M4\startup_LPC43xx.s
   Uses
      At line 60 in file RTE\Device\LPC4357_Cortex-M4\startup_LPC43xx.s
      At line 160 in file RTE\Device\LPC4357_Cortex-M4\startup_LPC43xx.s

PIN_INT0_IRQHandler 0000001A

Symbol: PIN_INT0_IRQHandler
   Definitions
      At line 284 in file RTE\Device\LPC4357_Cortex-M4\startup_LPC43xx.s
   Uses
      At line 108 in file RTE\Device\LPC4357_Cortex-M4\startup_LPC43xx.s
      At line 233 in file RTE\Device\LPC4357_Cortex-M4\startup_LPC43xx.s

PIN_INT1_IRQHandler 0000001A

Symbol: PIN_INT1_IRQHandler
   Definitions
      At line 285 in file RTE\Device\LPC4357_Cortex-M4\startup_LPC43xx.s
   Uses
      At line 109 in file RTE\Device\LPC4357_Cortex-M4\startup_LPC43xx.s
      At line 234 in file RTE\Device\LPC4357_Cortex-M4\startup_LPC43xx.s

PIN_INT2_IRQHandler 0000001A

Symbol: PIN_INT2_IRQHandler
   Definitions
      At line 286 in file RTE\Device\LPC4357_Cortex-M4\startup_LPC43xx.s
   Uses
      At line 110 in file RTE\Device\LPC4357_Cortex-M4\startup_LPC43xx.s
      At line 235 in file RTE\Device\LPC4357_Cortex-M4\startup_LPC43xx.s

PIN_INT3_IRQHandler 0000001A

Symbol: PIN_INT3_IRQHandler
   Definitions
      At line 287 in file RTE\Device\LPC4357_Cortex-M4\startup_LPC43xx.s
   Uses
      At line 111 in file RTE\Device\LPC4357_Cortex-M4\startup_LPC43xx.s
      At line 236 in file RTE\Device\LPC4357_Cortex-M4\startup_LPC43xx.s

PIN_INT4_IRQHandler 0000001A

Symbol: PIN_INT4_IRQHandler
   Definitions
      At line 288 in file RTE\Device\LPC4357_Cortex-M4\startup_LPC43xx.s
   Uses
      At line 112 in file RTE\Device\LPC4357_Cortex-M4\startup_LPC43xx.s
      At line 237 in file RTE\Device\LPC4357_Cortex-M4\startup_LPC43xx.s




ARM Macro Assembler    Page 6 Alphabetic symbol ordering
Relocatable symbols

PIN_INT5_IRQHandler 0000001A

Symbol: PIN_INT5_IRQHandler
   Definitions
      At line 289 in file RTE\Device\LPC4357_Cortex-M4\startup_LPC43xx.s
   Uses
      At line 113 in file RTE\Device\LPC4357_Cortex-M4\startup_LPC43xx.s
      At line 238 in file RTE\Device\LPC4357_Cortex-M4\startup_LPC43xx.s

PIN_INT6_IRQHandler 0000001A

Symbol: PIN_INT6_IRQHandler
   Definitions
      At line 290 in file RTE\Device\LPC4357_Cortex-M4\startup_LPC43xx.s
   Uses
      At line 114 in file RTE\Device\LPC4357_Cortex-M4\startup_LPC43xx.s
      At line 239 in file RTE\Device\LPC4357_Cortex-M4\startup_LPC43xx.s

PIN_INT7_IRQHandler 0000001A

Symbol: PIN_INT7_IRQHandler
   Definitions
      At line 291 in file RTE\Device\LPC4357_Cortex-M4\startup_LPC43xx.s
   Uses
      At line 115 in file RTE\Device\LPC4357_Cortex-M4\startup_LPC43xx.s
      At line 240 in file RTE\Device\LPC4357_Cortex-M4\startup_LPC43xx.s

PendSV_Handler 00000016

Symbol: PendSV_Handler
   Definitions
      At line 192 in file RTE\Device\LPC4357_Cortex-M4\startup_LPC43xx.s
   Uses
      At line 72 in file RTE\Device\LPC4357_Cortex-M4\startup_LPC43xx.s
      At line 193 in file RTE\Device\LPC4357_Cortex-M4\startup_LPC43xx.s

QEI_IRQHandler 0000001A

Symbol: QEI_IRQHandler
   Definitions
      At line 302 in file RTE\Device\LPC4357_Cortex-M4\startup_LPC43xx.s
   Uses
      At line 128 in file RTE\Device\LPC4357_Cortex-M4\startup_LPC43xx.s
      At line 251 in file RTE\Device\LPC4357_Cortex-M4\startup_LPC43xx.s

RITIMER_IRQHandler 0000001A

Symbol: RITIMER_IRQHandler
   Definitions
      At line 263 in file RTE\Device\LPC4357_Cortex-M4\startup_LPC43xx.s
   Uses
      At line 87 in file RTE\Device\LPC4357_Cortex-M4\startup_LPC43xx.s
      At line 212 in file RTE\Device\LPC4357_Cortex-M4\startup_LPC43xx.s

RTC_IRQHandler 0000001A

Symbol: RTC_IRQHandler
   Definitions
      At line 298 in file RTE\Device\LPC4357_Cortex-M4\startup_LPC43xx.s



ARM Macro Assembler    Page 7 Alphabetic symbol ordering
Relocatable symbols

   Uses
      At line 123 in file RTE\Device\LPC4357_Cortex-M4\startup_LPC43xx.s
      At line 247 in file RTE\Device\LPC4357_Cortex-M4\startup_LPC43xx.s

Reset_Handler 00000000

Symbol: Reset_Handler
   Definitions
      At line 147 in file RTE\Device\LPC4357_Cortex-M4\startup_LPC43xx.s
   Uses
      At line 59 in file RTE\Device\LPC4357_Cortex-M4\startup_LPC43xx.s
      At line 148 in file RTE\Device\LPC4357_Cortex-M4\startup_LPC43xx.s

SCT_IRQHandler 0000001A

Symbol: SCT_IRQHandler
   Definitions
      At line 262 in file RTE\Device\LPC4357_Cortex-M4\startup_LPC43xx.s
   Uses
      At line 86 in file RTE\Device\LPC4357_Cortex-M4\startup_LPC43xx.s
      At line 211 in file RTE\Device\LPC4357_Cortex-M4\startup_LPC43xx.s

SDIO_IRQHandler 0000001A

Symbol: SDIO_IRQHandler
   Definitions
      At line 258 in file RTE\Device\LPC4357_Cortex-M4\startup_LPC43xx.s
   Uses
      At line 82 in file RTE\Device\LPC4357_Cortex-M4\startup_LPC43xx.s
      At line 207 in file RTE\Device\LPC4357_Cortex-M4\startup_LPC43xx.s

SGPIO_IRQHandler 0000001A

Symbol: SGPIO_IRQHandler
   Definitions
      At line 283 in file RTE\Device\LPC4357_Cortex-M4\startup_LPC43xx.s
   Uses
      At line 107 in file RTE\Device\LPC4357_Cortex-M4\startup_LPC43xx.s
      At line 232 in file RTE\Device\LPC4357_Cortex-M4\startup_LPC43xx.s

SPIFI_IRQHandler 0000001A

Symbol: SPIFI_IRQHandler
   Definitions
      At line 282 in file RTE\Device\LPC4357_Cortex-M4\startup_LPC43xx.s
   Uses
      At line 106 in file RTE\Device\LPC4357_Cortex-M4\startup_LPC43xx.s
      At line 231 in file RTE\Device\LPC4357_Cortex-M4\startup_LPC43xx.s

SPI_IRQHandler 0000001A

Symbol: SPI_IRQHandler
   Definitions
      At line 272 in file RTE\Device\LPC4357_Cortex-M4\startup_LPC43xx.s
   Uses
      At line 96 in file RTE\Device\LPC4357_Cortex-M4\startup_LPC43xx.s
      At line 221 in file RTE\Device\LPC4357_Cortex-M4\startup_LPC43xx.s

SSP0_IRQHandler 0000001A



ARM Macro Assembler    Page 8 Alphabetic symbol ordering
Relocatable symbols


Symbol: SSP0_IRQHandler
   Definitions
      At line 274 in file RTE\Device\LPC4357_Cortex-M4\startup_LPC43xx.s
   Uses
      At line 98 in file RTE\Device\LPC4357_Cortex-M4\startup_LPC43xx.s
      At line 223 in file RTE\Device\LPC4357_Cortex-M4\startup_LPC43xx.s

SSP1_IRQHandler 0000001A

Symbol: SSP1_IRQHandler
   Definitions
      At line 275 in file RTE\Device\LPC4357_Cortex-M4\startup_LPC43xx.s
   Uses
      At line 99 in file RTE\Device\LPC4357_Cortex-M4\startup_LPC43xx.s
      At line 224 in file RTE\Device\LPC4357_Cortex-M4\startup_LPC43xx.s

SVC_Handler 00000012

Symbol: SVC_Handler
   Definitions
      At line 183 in file RTE\Device\LPC4357_Cortex-M4\startup_LPC43xx.s
   Uses
      At line 69 in file RTE\Device\LPC4357_Cortex-M4\startup_LPC43xx.s
      At line 184 in file RTE\Device\LPC4357_Cortex-M4\startup_LPC43xx.s

SysTick_Handler 00000018

Symbol: SysTick_Handler
   Definitions
      At line 196 in file RTE\Device\LPC4357_Cortex-M4\startup_LPC43xx.s
   Uses
      At line 73 in file RTE\Device\LPC4357_Cortex-M4\startup_LPC43xx.s
      At line 197 in file RTE\Device\LPC4357_Cortex-M4\startup_LPC43xx.s

TIMER0_IRQHandler 0000001A

Symbol: TIMER0_IRQHandler
   Definitions
      At line 264 in file RTE\Device\LPC4357_Cortex-M4\startup_LPC43xx.s
   Uses
      At line 88 in file RTE\Device\LPC4357_Cortex-M4\startup_LPC43xx.s
      At line 213 in file RTE\Device\LPC4357_Cortex-M4\startup_LPC43xx.s

TIMER1_IRQHandler 0000001A

Symbol: TIMER1_IRQHandler
   Definitions
      At line 265 in file RTE\Device\LPC4357_Cortex-M4\startup_LPC43xx.s
   Uses
      At line 89 in file RTE\Device\LPC4357_Cortex-M4\startup_LPC43xx.s
      At line 214 in file RTE\Device\LPC4357_Cortex-M4\startup_LPC43xx.s

TIMER2_IRQHandler 0000001A

Symbol: TIMER2_IRQHandler
   Definitions
      At line 266 in file RTE\Device\LPC4357_Cortex-M4\startup_LPC43xx.s
   Uses



ARM Macro Assembler    Page 9 Alphabetic symbol ordering
Relocatable symbols

      At line 90 in file RTE\Device\LPC4357_Cortex-M4\startup_LPC43xx.s
      At line 215 in file RTE\Device\LPC4357_Cortex-M4\startup_LPC43xx.s

TIMER3_IRQHandler 0000001A

Symbol: TIMER3_IRQHandler
   Definitions
      At line 267 in file RTE\Device\LPC4357_Cortex-M4\startup_LPC43xx.s
   Uses
      At line 91 in file RTE\Device\LPC4357_Cortex-M4\startup_LPC43xx.s
      At line 216 in file RTE\Device\LPC4357_Cortex-M4\startup_LPC43xx.s

UART1_IRQHandler 0000001A

Symbol: UART1_IRQHandler
   Definitions
      At line 277 in file RTE\Device\LPC4357_Cortex-M4\startup_LPC43xx.s
   Uses
      At line 101 in file RTE\Device\LPC4357_Cortex-M4\startup_LPC43xx.s
      At line 226 in file RTE\Device\LPC4357_Cortex-M4\startup_LPC43xx.s

USART0_IRQHandler 0000001A

Symbol: USART0_IRQHandler
   Definitions
      At line 276 in file RTE\Device\LPC4357_Cortex-M4\startup_LPC43xx.s
   Uses
      At line 100 in file RTE\Device\LPC4357_Cortex-M4\startup_LPC43xx.s
      At line 225 in file RTE\Device\LPC4357_Cortex-M4\startup_LPC43xx.s

USART2_IRQHandler 0000001A

Symbol: USART2_IRQHandler
   Definitions
      At line 278 in file RTE\Device\LPC4357_Cortex-M4\startup_LPC43xx.s
   Uses
      At line 102 in file RTE\Device\LPC4357_Cortex-M4\startup_LPC43xx.s
      At line 227 in file RTE\Device\LPC4357_Cortex-M4\startup_LPC43xx.s

USART3_IRQHandler 0000001A

Symbol: USART3_IRQHandler
   Definitions
      At line 279 in file RTE\Device\LPC4357_Cortex-M4\startup_LPC43xx.s
   Uses
      At line 103 in file RTE\Device\LPC4357_Cortex-M4\startup_LPC43xx.s
      At line 228 in file RTE\Device\LPC4357_Cortex-M4\startup_LPC43xx.s

USB0_IRQHandler 0000001A

Symbol: USB0_IRQHandler
   Definitions
      At line 260 in file RTE\Device\LPC4357_Cortex-M4\startup_LPC43xx.s
   Uses
      At line 84 in file RTE\Device\LPC4357_Cortex-M4\startup_LPC43xx.s
      At line 209 in file RTE\Device\LPC4357_Cortex-M4\startup_LPC43xx.s

USB1_IRQHandler 0000001A




ARM Macro Assembler    Page 10 Alphabetic symbol ordering
Relocatable symbols

Symbol: USB1_IRQHandler
   Definitions
      At line 261 in file RTE\Device\LPC4357_Cortex-M4\startup_LPC43xx.s
   Uses
      At line 85 in file RTE\Device\LPC4357_Cortex-M4\startup_LPC43xx.s
      At line 210 in file RTE\Device\LPC4357_Cortex-M4\startup_LPC43xx.s

UsageFault_Handler 00000010

Symbol: UsageFault_Handler
   Definitions
      At line 179 in file RTE\Device\LPC4357_Cortex-M4\startup_LPC43xx.s
   Uses
      At line 64 in file RTE\Device\LPC4357_Cortex-M4\startup_LPC43xx.s
      At line 180 in file RTE\Device\LPC4357_Cortex-M4\startup_LPC43xx.s

WWDT_IRQHandler 0000001A

Symbol: WWDT_IRQHandler
   Definitions
      At line 299 in file RTE\Device\LPC4357_Cortex-M4\startup_LPC43xx.s
   Uses
      At line 125 in file RTE\Device\LPC4357_Cortex-M4\startup_LPC43xx.s
      At line 248 in file RTE\Device\LPC4357_Cortex-M4\startup_LPC43xx.s

__user_initial_stackheap 0000001C

Symbol: __user_initial_stackheap
   Definitions
      At line 321 in file RTE\Device\LPC4357_Cortex-M4\startup_LPC43xx.s
   Uses
      At line 320 in file RTE\Device\LPC4357_Cortex-M4\startup_LPC43xx.s
Comment: __user_initial_stackheap used once
63 symbols



ARM Macro Assembler    Page 1 Alphabetic symbol ordering
Absolute symbols

Heap_Size 00000400

Symbol: Heap_Size
   Definitions
      At line 41 in file RTE\Device\LPC4357_Cortex-M4\startup_LPC43xx.s
   Uses
      At line 45 in file RTE\Device\LPC4357_Cortex-M4\startup_LPC43xx.s
      At line 325 in file RTE\Device\LPC4357_Cortex-M4\startup_LPC43xx.s

Sign_Value 5A5A5A5A

Symbol: Sign_Value
   Definitions
      At line 56 in file RTE\Device\LPC4357_Cortex-M4\startup_LPC43xx.s
   Uses
      At line 65 in file RTE\Device\LPC4357_Cortex-M4\startup_LPC43xx.s
Comment: Sign_Value used once
Stack_Size 00000800

Symbol: Stack_Size
   Definitions
      At line 30 in file RTE\Device\LPC4357_Cortex-M4\startup_LPC43xx.s
   Uses
      At line 33 in file RTE\Device\LPC4357_Cortex-M4\startup_LPC43xx.s
      At line 324 in file RTE\Device\LPC4357_Cortex-M4\startup_LPC43xx.s

3 symbols



ARM Macro Assembler    Page 1 Alphabetic symbol ordering
External symbols

SystemInit 00000000

Symbol: SystemInit
   Definitions
      At line 149 in file RTE\Device\LPC4357_Cortex-M4\startup_LPC43xx.s
   Uses
      At line 151 in file RTE\Device\LPC4357_Cortex-M4\startup_LPC43xx.s
Comment: SystemInit used once
__main 00000000

Symbol: __main
   Definitions
      At line 150 in file RTE\Device\LPC4357_Cortex-M4\startup_LPC43xx.s
   Uses
      At line 153 in file RTE\Device\LPC4357_Cortex-M4\startup_LPC43xx.s
Comment: __main used once
__use_two_region_memory 00000000

Symbol: __use_two_region_memory
   Definitions
      At line 319 in file RTE\Device\LPC4357_Cortex-M4\startup_LPC43xx.s
   Uses
      None
Comment: __use_two_region_memory unused
3 symbols
420 symbols in table
